[attacker] mujhpe nahi aata
[attacker] hecker hai bhai, hecker hecker
[attacker] isse bolte hai heckin
[attacker] dhai kg ka log hai
[attacker] tunik tunik man
[attacker] mujhpe nahi aata
[attacker] hecker hai bhai, hecker hecker
[attacker] isse bolte hai heckin
[attacker] dhai kg ka log hai
[attacker] tunik tunik man
[attacker] mujhpe nahi aata
[attacker] hecker hai bhai, hecker hecker
[attacker] isse bolte hai heckin
[attacker] dhai kg ka log hai
[attacker] tunik tunik man
[attacker] mujhpe nahi aata
[attacker] hecker hai bhai, hecker hecker
[attacker] isse bolte hai heckin
[attacker] dhai kg ka log hai
[attacker] tunik tunik man
[attacker] mujhpe nahi aata
[attacker] hecker hai bhai, hecker hecker
[attacker] isse bolte hai heckin
[attacker] dhai kg ka log hai
[attacker] tunik tunik man