[client] hello eberynyan
[client] i am the client
[client] i recieve
[client] people send
[client] everyone ask where is the client
[client] no one ask how is the client
[client] or ever....
[client] anyways
[client] i recieve the service
[client] wink
[client] if send service
[client] i want data 
[client] sent data something
[client] recieved data something 20 right
[client] sent data something
[client] recieved data something 25 right
[client] sent data something
[client] recieved data something 27 right
[client] sent data something
[client] recieved data something 29 right
[client] sent data something
[client] recieved data something 35 right